<?xml version="1.0" encoding="UTF-8"?>
<!-- Generated by org.testng.reporters.JUnitReportReporter -->
<testsuite hostname="LAPTOP-0CJS58L1" failures="0" tests="4" name="Maven_TestNG.testcase_useallkeyword" time="80.458" errors="0" timestamp="2022-08-14T16:57:26 IST" skipped="0">
  <testcase classname="Maven_TestNG.testcase_useallkeyword" name="testcase_3" time="1.798"/>
  <system-out/>
  <testcase classname="Maven_TestNG.testcase_useallkeyword" name="testcase_amazon" time="28.096"/>
  <system-out/>
  <testcase classname="Maven_TestNG.testcase_useallkeyword" name="Testcase_fb" time="26.773"/>
  <system-out/>
  <testcase classname="Maven_TestNG.testcase_useallkeyword" name="Testcase_fb" time="23.791"/>
  <system-out/>
</testsuite> <!-- Maven_TestNG.testcase_useallkeyword -->
