<?xml version="1.0" encoding="UTF-8"?>
<!-- Generated by org.testng.reporters.JUnitReportReporter -->
<testsuite hostname="LAPTOP-0CJS58L1" failures="0" tests="6" name="test.Testcase_003" time="20.396" errors="0" timestamp="2022-08-26T21:07:21 IST" skipped="2">
  <testcase classname="test.Testcase_003" name="tc_002" time="2.818"/>
  <system-out/>
  <testcase classname="test.Testcase_003" name="tc_002" time="5.682"/>
  <system-out/>
  <testcase classname="test.Testcase_003" name="tc_003" time="6.642"/>
  <system-out/>
  <testcase classname="test.Testcase_003" name="tc_003" time="5.254"/>
  <system-out/>
  <testcase classname="test.Testcase_003" name="tc_001">
    <skipped/>
  </testcase> <!-- tc_001 -->
  <system-out/>
  <testcase classname="test.Testcase_003" name="tc_001">
    <skipped/>
  </testcase> <!-- tc_001 -->
  <system-out/>
</testsuite> <!-- test.Testcase_003 -->
