<?xml version="1.0" encoding="UTF-8"?>
<!-- Generated by org.testng.reporters.JUnitReportReporter -->
<testsuite hostname="LAPTOP-0CJS58L1" failures="0" tests="1" name="practise.test3" time="4.935" errors="0" timestamp="2022-08-17T18:03:28 IST" skipped="0">
  <testcase classname="practise.test3" name="case1" time="4.935"/>
  <system-out/>
</testsuite> <!-- practise.test3 -->
