<?xml version="1.0" encoding="UTF-8"?>
<!-- Generated by org.testng.reporters.JUnitReportReporter -->
<testsuite hostname="LAPTOP-0CJS58L1" failures="0" tests="1" name="test.Testcase_002" time="13.549" errors="0" timestamp="2022-08-27T12:16:48 IST" skipped="0">
  <testcase classname="test.Testcase_002" name="tc_001" time="13.549"/>
  <system-out/>
</testsuite> <!-- test.Testcase_002 -->
