<?xml version="1.0" encoding="UTF-8"?>
<!-- Generated by org.testng.reporters.JUnitReportReporter -->
<testsuite hostname="LAPTOP-0CJS58L1" failures="0" tests="1" name="practise.scroll_down" time="17.547" errors="0" timestamp="2022-08-17T11:04:34 IST" skipped="0">
  <testcase classname="practise.scroll_down" name="test" time="17.547"/>
  <system-out/>
</testsuite> <!-- practise.scroll_down -->
