<?xml version="1.0" encoding="UTF-8"?>
<!-- Generated by org.testng.reporters.JUnitReportReporter -->
<testsuite hostname="LAPTOP-0CJS58L1" failures="0" tests="1" name="Iframe.iframe_handle" time="16.928" errors="0" timestamp="2022-08-24T14:21:44 IST" skipped="0">
  <testcase classname="Iframe.iframe_handle" name="tc_001" time="16.928"/>
  <system-out/>
</testsuite> <!-- Iframe.iframe_handle -->
