<?xml version="1.0" encoding="UTF-8"?>
<!-- Generated by org.testng.reporters.JUnitReportReporter -->
<testsuite hostname="LAPTOP-0CJS58L1" failures="0" tests="2" name="Maven_TestNG.test_01_a" time="0.011" errors="0" timestamp="2022-08-12T09:14:05 IST" skipped="0">
  <testcase classname="Maven_TestNG.test_01_a" name="testcase1" time="0.009"/>
  <system-out/>
  <testcase classname="Maven_TestNG.test_01_a" name="testcase2" time="0.002"/>
  <system-out/>
</testsuite> <!-- Maven_TestNG.test_01_a -->
