<?xml version="1.0" encoding="UTF-8"?>
<!-- Generated by org.testng.reporters.JUnitReportReporter -->
<testsuite hostname="LAPTOP-0CJS58L1" failures="0" tests="2" name="practise.class_a2" time="6.801" errors="0" timestamp="2022-08-16T12:53:28 IST" skipped="0">
  <testcase classname="practise.class_a2" name="Testcase_3" time="4.893"/>
  <system-out/>
  <testcase classname="practise.class_a2" name="Testcase_2" time="1.908"/>
  <system-out/>
</testsuite> <!-- practise.class_a2 -->
