<?xml version="1.0" encoding="UTF-8"?>
<!-- Generated by org.testng.reporters.JUnitReportReporter -->
<testsuite hostname="LAPTOP-0CJS58L1" failures="0" tests="1" name="test.Testcase_1" time="14.303" errors="0" timestamp="2022-08-20T19:04:43 IST" skipped="0">
  <testcase classname="test.Testcase_1" name="testcase_001" time="14.303"/>
  <system-out/>
</testsuite> <!-- test.Testcase_1 -->
