<?xml version="1.0" encoding="UTF-8"?>
<!-- Generated by org.testng.reporters.JUnitReportReporter -->
<testsuite hostname="LAPTOP-0CJS58L1" failures="0" tests="2" name="TestNg.Test_2" time="23.101" errors="0" timestamp="2022-08-15T11:49:39 IST" skipped="0">
  <testcase classname="TestNg.Test_2" name="amazon_testcase2" time="15.296"/>
  <system-out/>
  <testcase classname="TestNg.Test_2" name="amazon_testcase1" time="7.805"/>
  <system-out/>
</testsuite> <!-- TestNg.Test_2 -->
