<?xml version="1.0" encoding="UTF-8"?>
<!-- Generated by org.testng.reporters.JUnitReportReporter -->
<testsuite hostname="LAPTOP-0CJS58L1" failures="0" tests="1" name="Maven_TestNG.scroll_down" time="16.424" errors="0" timestamp="2022-08-17T17:21:36 IST" skipped="0">
  <testcase classname="Maven_TestNG.scroll_down" name="test" time="16.424"/>
  <system-out/>
</testsuite> <!-- Maven_TestNG.scroll_down -->
