<?xml version="1.0" encoding="UTF-8"?>
<!-- Generated by org.testng.reporters.JUnitReportReporter -->
<testsuite hostname="LAPTOP-0CJS58L1" failures="0" tests="4" name="practise.class_a1" time="42.272" errors="0" timestamp="2022-08-16T13:21:56 IST" skipped="0">
  <testcase classname="practise.class_a1" name="testcase_2" time="9.815"/>
  <system-out/>
  <testcase classname="practise.class_a1" name="testcase_1" time="11.140"/>
  <system-out/>
  <testcase classname="practise.class_a1" name="testcase_1" time="14.304"/>
  <system-out/>
  <testcase classname="practise.class_a1" name="testcase_2" time="7.013"/>
  <system-out/>
</testsuite> <!-- practise.class_a1 -->
