<?xml version="1.0" encoding="UTF-8"?>
<!-- Generated by org.testng.reporters.JUnitReportReporter -->
<testsuite hostname="LAPTOP-0CJS58L1" failures="0" tests="1" name="practise.IT_script" time="18.742" errors="0" timestamp="2022-09-10T19:56:02 IST" skipped="0">
  <testcase classname="practise.IT_script" name="gmail_handle" time="18.742"/>
  <system-out/>
</testsuite> <!-- practise.IT_script -->
