<?xml version="1.0" encoding="UTF-8"?>
<!-- Generated by org.testng.reporters.JUnitReportReporter -->
<testsuite hostname="LAPTOP-0CJS58L1" failures="0" tests="1" name="practise.scrollby_method" time="12.716" errors="0" timestamp="2022-08-17T20:05:29 IST" skipped="0">
  <testcase classname="practise.scrollby_method" name="amazon" time="12.716"/>
  <system-out/>
</testsuite> <!-- practise.scrollby_method -->
