<?xml version="1.0" encoding="UTF-8"?>
<!-- Generated by org.testng.reporters.JUnitReportReporter -->
<testsuite hostname="LAPTOP-0CJS58L1" failures="0" tests="1" name="practise.scroll" time="4.798" errors="0" timestamp="2022-08-17T18:29:58 IST" skipped="0">
  <testcase classname="practise.scroll" name="test" time="4.798"/>
  <system-out/>
</testsuite> <!-- practise.scroll -->
