<?xml version="1.0" encoding="UTF-8"?>
<!-- Generated by org.testng.reporters.JUnitReportReporter -->
<testsuite hostname="LAPTOP-0CJS58L1" failures="0" tests="1" name="Maven_TestNG.class3" time="10.644" errors="0" timestamp="2022-08-12T09:39:52 IST" skipped="0">
  <testcase classname="Maven_TestNG.class3" name="testcase" time="10.644"/>
  <system-out/>
</testsuite> <!-- Maven_TestNG.class3 -->
