<?xml version="1.0" encoding="UTF-8"?>
<!-- Generated by org.testng.reporters.JUnitReportReporter -->
<testsuite hostname="LAPTOP-0CJS58L1" failures="0" tests="1" name="Maven_TestNG.class2" time="6.599" errors="0" timestamp="2022-08-12T09:39:15 IST" skipped="0">
  <testcase classname="Maven_TestNG.class2" name="testcase1" time="6.599"/>
  <system-out/>
</testsuite> <!-- Maven_TestNG.class2 -->
